{"timestamp":"2025-10-16T07:18:33.149Z","level":"INFO","message":"\n============================================================","data":null}
{"timestamp":"2025-10-16T07:18:33.150Z","level":"INFO","message":"🎯 TOKEN SNIPER BOT","data":null}
{"timestamp":"2025-10-16T07:18:33.150Z","level":"INFO","message":"============================================================","data":null}
{"timestamp":"2025-10-16T07:18:33.150Z","level":"INFO","message":"Network: base","data":null}
{"timestamp":"2025-10-16T07:18:33.150Z","level":"INFO","message":"Max Buy: $200","data":null}
{"timestamp":"2025-10-16T07:18:33.150Z","level":"INFO","message":"Take Profit: 5x","data":null}
{"timestamp":"2025-10-16T07:18:33.150Z","level":"INFO","message":"Stop Loss: 0.5x","data":null}
{"timestamp":"2025-10-16T07:18:33.151Z","level":"INFO","message":"Timeout: 3600s","data":null}
{"timestamp":"2025-10-16T07:18:33.151Z","level":"INFO","message":"============================================================\n","data":null}
{"timestamp":"2025-10-16T07:18:33.164Z","level":"SUCCESS","message":"✓ Bot is running! Watching for new pairs...\n","data":null}
{"timestamp":"2025-10-16T07:30:04.040Z","level":"INFO","message":"\n============================================================","data":null}
{"timestamp":"2025-10-16T07:30:04.042Z","level":"INFO","message":"🎯 TOKEN SNIPER BOT","data":null}
{"timestamp":"2025-10-16T07:30:04.042Z","level":"INFO","message":"============================================================","data":null}
{"timestamp":"2025-10-16T07:30:04.042Z","level":"INFO","message":"Network: base","data":null}
{"timestamp":"2025-10-16T07:30:04.043Z","level":"INFO","message":"Max Buy: $200","data":null}
{"timestamp":"2025-10-16T07:30:04.043Z","level":"INFO","message":"Take Profit: 5x","data":null}
{"timestamp":"2025-10-16T07:30:04.043Z","level":"INFO","message":"Stop Loss: 0.5x","data":null}
{"timestamp":"2025-10-16T07:30:04.043Z","level":"INFO","message":"Timeout: 3600s","data":null}
{"timestamp":"2025-10-16T07:30:04.043Z","level":"INFO","message":"============================================================\n","data":null}
{"timestamp":"2025-10-16T07:30:04.058Z","level":"SUCCESS","message":"✓ Bot is running! Watching for new pairs...\n","data":null}
{"timestamp":"2025-10-16T07:33:04.810Z","level":"INFO","message":"\n============================================================","data":null}
{"timestamp":"2025-10-16T07:33:04.811Z","level":"INFO","message":"🎯 TOKEN SNIPER BOT","data":null}
{"timestamp":"2025-10-16T07:33:04.811Z","level":"INFO","message":"============================================================","data":null}
{"timestamp":"2025-10-16T07:33:04.811Z","level":"INFO","message":"Network: base","data":null}
{"timestamp":"2025-10-16T07:33:04.812Z","level":"INFO","message":"Max Buy: $200","data":null}
{"timestamp":"2025-10-16T07:33:04.812Z","level":"INFO","message":"Take Profit: 5x","data":null}
{"timestamp":"2025-10-16T07:33:04.812Z","level":"INFO","message":"Stop Loss: 0.5x","data":null}
{"timestamp":"2025-10-16T07:33:04.813Z","level":"INFO","message":"Timeout: 3600s","data":null}
{"timestamp":"2025-10-16T07:33:04.813Z","level":"INFO","message":"============================================================\n","data":null}
{"timestamp":"2025-10-16T07:33:04.823Z","level":"SUCCESS","message":"✓ Bot is running! Watching for new pairs...\n","data":null}
{"timestamp":"2025-10-16T12:07:45.207Z","level":"INFO","message":"\n============================================================","data":null}
{"timestamp":"2025-10-16T12:07:45.208Z","level":"INFO","message":"🎯 TOKEN SNIPER BOT","data":null}
{"timestamp":"2025-10-16T12:07:45.208Z","level":"INFO","message":"============================================================","data":null}
{"timestamp":"2025-10-16T12:07:45.208Z","level":"INFO","message":"Network: base","data":null}
{"timestamp":"2025-10-16T12:07:45.209Z","level":"INFO","message":"Max Buy: $200","data":null}
{"timestamp":"2025-10-16T12:07:45.209Z","level":"INFO","message":"Take Profit: 5x","data":null}
{"timestamp":"2025-10-16T12:07:45.209Z","level":"INFO","message":"Stop Loss: 0.5x","data":null}
{"timestamp":"2025-10-16T12:07:45.209Z","level":"INFO","message":"Timeout: 3600s","data":null}
{"timestamp":"2025-10-16T12:07:45.209Z","level":"INFO","message":"============================================================\n","data":null}
{"timestamp":"2025-10-16T12:07:45.218Z","level":"SUCCESS","message":"✓ Bot is running! Watching for new pairs...\n","data":null}
{"timestamp":"2025-10-16T15:01:10.488Z","level":"INFO","message":"\n============================================================","data":null}
{"timestamp":"2025-10-16T15:01:10.490Z","level":"INFO","message":"🎯 TOKEN SNIPER BOT","data":null}
{"timestamp":"2025-10-16T15:01:10.490Z","level":"INFO","message":"============================================================","data":null}
{"timestamp":"2025-10-16T15:01:10.490Z","level":"INFO","message":"Network: base","data":null}
{"timestamp":"2025-10-16T15:01:10.490Z","level":"INFO","message":"Max Buy: $200","data":null}
{"timestamp":"2025-10-16T15:01:10.490Z","level":"INFO","message":"Take Profit: 5x","data":null}
{"timestamp":"2025-10-16T15:01:10.490Z","level":"INFO","message":"Stop Loss: 0.5x","data":null}
{"timestamp":"2025-10-16T15:01:10.491Z","level":"INFO","message":"Timeout: 3600s","data":null}
{"timestamp":"2025-10-16T15:01:10.491Z","level":"INFO","message":"============================================================\n","data":null}
{"timestamp":"2025-10-16T15:01:10.501Z","level":"SUCCESS","message":"✓ Bot is running! Watching for new pairs...\n","data":null}
{"timestamp":"2025-10-16T15:02:30.175Z","level":"INFO","message":"\n============================================================","data":null}
{"timestamp":"2025-10-16T15:02:30.177Z","level":"INFO","message":"🎯 TOKEN SNIPER BOT","data":null}
{"timestamp":"2025-10-16T15:02:30.177Z","level":"INFO","message":"============================================================","data":null}
{"timestamp":"2025-10-16T15:02:30.177Z","level":"INFO","message":"Network: base","data":null}
{"timestamp":"2025-10-16T15:02:30.178Z","level":"INFO","message":"Max Buy: $200","data":null}
{"timestamp":"2025-10-16T15:02:30.178Z","level":"INFO","message":"Take Profit: 5x","data":null}
{"timestamp":"2025-10-16T15:02:30.178Z","level":"INFO","message":"Stop Loss: 0.5x","data":null}
{"timestamp":"2025-10-16T15:02:30.178Z","level":"INFO","message":"Timeout: 3600s","data":null}
{"timestamp":"2025-10-16T15:02:30.178Z","level":"INFO","message":"============================================================\n","data":null}
{"timestamp":"2025-10-16T15:02:30.191Z","level":"SUCCESS","message":"✓ Bot is running! Watching for new pairs...\n","data":null}
{"timestamp":"2025-10-16T15:03:23.315Z","level":"INFO","message":"\n============================================================","data":null}
{"timestamp":"2025-10-16T15:03:23.317Z","level":"INFO","message":"🎯 TOKEN SNIPER BOT","data":null}
{"timestamp":"2025-10-16T15:03:23.318Z","level":"INFO","message":"============================================================","data":null}
{"timestamp":"2025-10-16T15:03:23.318Z","level":"INFO","message":"Network: base","data":null}
{"timestamp":"2025-10-16T15:03:23.318Z","level":"INFO","message":"Max Buy: $200","data":null}
{"timestamp":"2025-10-16T15:03:23.319Z","level":"INFO","message":"Take Profit: 5x","data":null}
{"timestamp":"2025-10-16T15:03:23.319Z","level":"INFO","message":"Stop Loss: 0.5x","data":null}
{"timestamp":"2025-10-16T15:03:23.319Z","level":"INFO","message":"Timeout: 3600s","data":null}
{"timestamp":"2025-10-16T15:03:23.319Z","level":"INFO","message":"============================================================\n","data":null}
{"timestamp":"2025-10-16T15:03:23.345Z","level":"SUCCESS","message":"✓ Bot is running! Watching for new pairs...\n","data":null}
{"timestamp":"2025-10-16T20:29:05.475Z","level":"INFO","message":"\n============================================================","data":null}
{"timestamp":"2025-10-16T20:29:05.477Z","level":"INFO","message":"🎯 TOKEN SNIPER BOT","data":null}
{"timestamp":"2025-10-16T20:29:05.477Z","level":"INFO","message":"============================================================","data":null}
{"timestamp":"2025-10-16T20:29:05.477Z","level":"INFO","message":"Network: base","data":null}
{"timestamp":"2025-10-16T20:29:05.478Z","level":"INFO","message":"Max Buy: $200","data":null}
{"timestamp":"2025-10-16T20:29:05.478Z","level":"INFO","message":"Take Profit: 5x","data":null}
{"timestamp":"2025-10-16T20:29:05.479Z","level":"INFO","message":"Stop Loss: 0.5x","data":null}
{"timestamp":"2025-10-16T20:29:05.479Z","level":"INFO","message":"Timeout: 3600s","data":null}
{"timestamp":"2025-10-16T20:29:05.479Z","level":"INFO","message":"============================================================\n","data":null}
{"timestamp":"2025-10-16T20:29:05.505Z","level":"SUCCESS","message":"✓ Bot is running! Watching for new pairs...\n","data":null}
{"timestamp":"2025-10-28T19:30:48.081Z","level":"INFO","message":"\n============================================================","data":null}
{"timestamp":"2025-10-28T19:30:48.084Z","level":"INFO","message":"🎯 TOKEN SNIPER BOT","data":null}
{"timestamp":"2025-10-28T19:30:48.084Z","level":"INFO","message":"============================================================","data":null}
{"timestamp":"2025-10-28T19:30:48.085Z","level":"INFO","message":"Network: base","data":null}
{"timestamp":"2025-10-28T19:30:48.085Z","level":"INFO","message":"Max Buy: $200","data":null}
{"timestamp":"2025-10-28T19:30:48.085Z","level":"INFO","message":"Take Profit: 5x","data":null}
{"timestamp":"2025-10-28T19:30:48.086Z","level":"INFO","message":"Stop Loss: 0.5x","data":null}
{"timestamp":"2025-10-28T19:30:48.086Z","level":"INFO","message":"Timeout: 3600s","data":null}
{"timestamp":"2025-10-28T19:30:48.087Z","level":"INFO","message":"============================================================\n","data":null}
{"timestamp":"2025-10-28T19:30:48.120Z","level":"SUCCESS","message":"✓ Bot is running! Watching for new pairs...\n","data":null}
